build/app/outputs/mapping/release/seeds.txt
com.example.mpc.MainActivity
com.example.mpc.MainActivity: MainActivity()
...
io.flutter.plugin.editing.ImeSyncDeferringInsetsCallback$AnimationCallback: io.flutter.plugin.editing.ImeSyncDeferringInsetsCallback this$0
androidx.window.layout.ActivityCompatHelperApi24: androidx.window.layout.ActivityCompatHelperApi24 INSTANCE
androidx.window.layout.SidecarWindowBackend: boolean DEBUG
androidx.window.layout.FoldingFeature$State: java.lang.String description
com.google.firestore.v1.ListenRequest: com.google.protobuf.MapFieldLite labels_
com.google.firestore.v1.CommitRequest: com.google.firestore.v1.CommitRequest DEFAULT_INSTANCE
com.google.android.gms.internal.firebase-auth-api.zzld: com.google.android.gms.internal.firebase-auth-api.zzld zzb
com.google.android.gms.internal.firebase-auth-api.zzma: com.google.android.gms.internal.firebase-auth-api.zzmj zzd
com.google.android.gms.internal.firebase-auth-api.zznh: int zze
com.google.crypto.tink.proto.AesCtrHmacAeadKeyFormat: com.google.crypto.tink.proto.HmacKeyFormat hmacKeyFormat_
com.google.android.gms.signin.internal.zag: android.os.Parcelable$Creator CREATOR
com.google.android.gms.signin.internal.zak: android.os.Parcelable$Creator CREATOR
com.google.protobuf.Timestamp: com.google.protobuf.Parser PARSER
com.google.crypto.tink.proto.AesGcmSivKey: com.google.crypto.tink.shaded.protobuf.Parser PARSER
com.google.firestore.v1.Write: int DELETE_FIELD_NUMBER
com.google.firebase.firestore.proto.Target: int LAST_LISTEN_SEQUENCE_NUMBER_FIELD_NUMBER
io.flutter.plugin.editing.ImeSyncDeferringInsetsCallback: boolean needsSave
androidx.appcompat.widget.SearchView$SavedState: android.os.Parcelable$Creator CREATOR
com.google.firebase.firestore.proto.NoDocument: int NAME_FIELD_NUMBER
io.flutter.plugins.GeneratedPluginRegistrant: java.lang.String TAG
com.google.crypto.tink.proto.HmacKey: int PARAMS_FIELD_NUMBER
com.google.firestore.v1.DocumentRemove: int DOCUMENT_FIELD_NUMBER
com.google.crypto.tink.proto.XChaCha20Poly1305KeyFormat: int VERSION_FIELD_NUMBER
com.google.android.gms.internal.firebase-auth-api.zzmd: int zzd
androidx.window.layout.FoldingFeature$Orientation: androidx.window.layout.FoldingFeature$Orientation$Companion Companion
com.google.android.gms.internal.firebase-auth-api.zzoa: com.google.android.gms.internal.firebase-auth-api.zzoa zzb
com.google.crypto.tink.proto.AesCmacKey: int VERSION_FIELD_NUMBER
com.google.android.gms.dynamite.descriptors.com.google.firebase.auth.ModuleDescriptor: int MODULE_VERSION
android.support.v4.media.MediaDescriptionCompat: android.os.Parcelable$Creator CREATOR
io.flutter.view.AccessibilityViewEmbedder: android.view.View rootAccessibilityView
com.google.android.gms.internal.firebase-auth-api.zzmw: int zze
androidx.fragment.app.FragmentManager$LaunchedFragmentInfo: android.os.Parcelable$Creator CREATOR
com.google.crypto.tink.proto.AesEaxKey: com.google.crypto.tink.proto.AesEaxParams params_
com.google.firestore.v1.Document: com.google.protobuf.Parser PARSER
com.google.firestore.v1.StructuredQuery$CollectionSelector: com.google.protobuf.Parser PARSER
com.google.firestore.admin.v1.Index$IndexField: int ORDER_FIELD_NUMBER
androidx.window.R$styleable: int SplitPlaceholderRule_splitMinSmallestWidth
com.google.protobuf.Timestamp: int nanos_
com.google.firebase.auth.UserProfileChangeRequest: android.os.Parcelable$Creator CREATOR
io.flutter.embedding.engine.mutatorsstack.FlutterMutatorsStack: android.graphics.Matrix finalMatrix
com.google.firestore.v1.DocumentDelete: com.google.firestore.v1.DocumentDelete DEFAULT_INSTANCE
androidx.window.layout.SidecarWindowBackend$WindowLayoutChangeCallbackWrapper: androidx.window.layout.WindowLayoutInfo lastInfo
com.google.firestore.bundle.BundledQuery: java.lang.String parent_
com.google.crypto.tink.proto.AesGcmSivKeyFormat: int keySize_
androidx.window.embedding.SplitPairRule: boolean finishSecondaryWithPrimary
com.google.android.gms.internal.firebase-auth-api.zzabc: android.os.Parcelable$Creator CREATOR