build/app/outputs/mapping/release/mapping.txt
# compiler: R8
# compiler_version: 3.2.47
# min_api: 21
# common_typos_disable
# {"id":"com.android.tools.r8.mapping","version":"2.0"}
# pg_map_id: 406af91
# pg_map_hash: SHA-256 406af911b0df3668a623aea8d939188d0237099a7cf9680cf6d0f91c94f2e694
com.example.mpc.MainActivity -> com.example.mpc.MainActivity:
    void configureFlutterEngine(io.flutter.embedding.engine.FlutterEngine) -> j
...
z2.GrpcCallProvider$$ExternalSyntheticLambda0 -> z2.w:
# {"id":"sourceFile","fileName":"R8$$SyntheticClass"}
# {"id":"com.android.tools.r8.synthesized"}
    io.grpc.MethodDescriptor com.google.firebase.firestore.remote.GrpcCallProvider$$InternalSyntheticLambda$3$718dae17d3fe8d68698e3a50fc930d43a092ca7ddbd1f5bd232b6c82347a327f$0.f$1 -> b
    com.google.firebase.firestore.remote.GrpcCallProvider com.google.firebase.firestore.remote.GrpcCallProvider$$InternalSyntheticLambda$3$718dae17d3fe8d68698e3a50fc930d43a092ca7ddbd1f5bd232b6c82347a327f$0.f$0 -> a
    void com.google.firebase.firestore.remote.GrpcCallProvider$$InternalSyntheticLambda$3$718dae17d3fe8d68698e3a50fc930d43a092ca7ddbd1f5bd232b6c82347a327f$0.<init>(com.google.firebase.firestore.remote.GrpcCallProvider,io.grpc.MethodDescriptor) -> <init>
      # {"id":"com.android.tools.r8.synthesized"}
    java.lang.Object com.google.firebase.firestore.remote.GrpcCallProvider$$InternalSyntheticLambda$3$718dae17d3fe8d68698e3a50fc930d43a092ca7ddbd1f5bd232b6c82347a327f$0.then(com.google.android.gms.tasks.Task) -> a
      # {"id":"com.android.tools.r8.synthesized"}
z2.GrpcCallProvider$$ExternalSyntheticLambda1 -> z2.x:
# {"id":"sourceFile","fileName":"R8$$SyntheticClass"}
# {"id":"com.android.tools.r8.synthesized"}
    com.google.firebase.firestore.remote.GrpcCallProvider com.google.firebase.firestore.remote.GrpcCallProvider$$InternalSyntheticLambda$4$68ddce5ae481e46de710cfe03f6f042c9aaa9ddcb7b44d9ea1532aadc4d440c9$0.f$0 -> f
    io.grpc.ManagedChannel com.google.firebase.firestore.remote.GrpcCallProvider$$InternalSyntheticLambda$4$68ddce5ae481e46de710cfe03f6f042c9aaa9ddcb7b44d9ea1532aadc4d440c9$0.f$1 -> g
    void com.google.firebase.firestore.remote.GrpcCallProvider$$InternalSyntheticLambda$4$68ddce5ae481e46de710cfe03f6f042c9aaa9ddcb7b44d9ea1532aadc4d440c9$0.<init>(com.google.firebase.firestore.remote.GrpcCallProvider,io.grpc.ManagedChannel) -> <init>
      # {"id":"com.android.tools.r8.synthesized"}
    void com.google.firebase.firestore.remote.GrpcCallProvider$$InternalSyntheticLambda$4$68ddce5ae481e46de710cfe03f6f042c9aaa9ddcb7b44d9ea1532aadc4d440c9$0.run() -> run
      # {"id":"com.android.tools.r8.synthesized"}
z2.GrpcCallProvider$$ExternalSyntheticLambda2 -> z2.y:
# {"id":"sourceFile","fileName":"R8$$SyntheticClass"}
# {"id":"com.android.tools.r8.synthesized"}
    com.google.firebase.firestore.remote.GrpcCallProvider com.google.firebase.firestore.remote.GrpcCallProvider$$InternalSyntheticLambda$3$551f1cad9d0f2fe3c5e98cc5520eafc3aca22412919caf333b93d927a110faf4$1.f$0 -> f
    io.grpc.ManagedChannel com.google.firebase.firestore.remote.GrpcCallProvider$$InternalSyntheticLambda$3$551f1cad9d0f2fe3c5e98cc5520eafc3aca22412919caf333b93d927a110faf4$1.f$1 -> g
    void com.google.firebase.firestore.remote.GrpcCallProvider$$InternalSyntheticLambda$3$551f1cad9d0f2fe3c5e98cc5520eafc3aca22412919caf333b93d927a110faf4$1.<init>(com.google.firebase.firestore.remote.GrpcCallProvider,io.grpc.ManagedChannel) -> <init>
      # {"id":"com.android.tools.r8.synthesized"}
    void com.google.firebase.firestore.remote.GrpcCallProvider$$InternalSyntheticLambda$3$551f1cad9d0f2fe3c5e98cc5520eafc3aca22412919caf333b93d927a110faf4$1.run() -> run
      # {"id":"com.android.tools.r8.synthesized"}