build/app/outputs/mapping/release/usage.txt
com.example.mpc.BuildConfig
com.example.mpc.R$anim
com.example.mpc.R$animator
com.example.mpc.R$array
com.example.mpc.R$attr
com.example.mpc.R$bool
com.example.mpc.R$color
com.example.mpc.R$dimen
com.example.mpc.R$drawable
com.example.mpc.R$id
com.example.mpc.R$integer
com.example.mpc.R$interpolator
com.example.mpc.R$layout
com.example.mpc.R$mipmap
com.example.mpc.R$raw
com.example.mpc.R$string
com.example.mpc.R$style
com.example.mpc.R$styleable
com.example.mpc.R$xml
com.example.mpc.R
...
androidx.appcompat.app.WindowDecorActionBar$TabImpl
androidx.appcompat.app.WindowDecorActionBar:
    private static final long FADE_IN_DURATION_MS
    private static final long FADE_OUT_DURATION_MS
    private static final int INVALID_POSITION
    private static final java.lang.String TAG
    private androidx.appcompat.app.WindowDecorActionBar$TabImpl mSelectedTab
    public void <init>(android.view.View)
    public void addOnMenuVisibilityListener(androidx.appcompat.app.ActionBar$OnMenuVisibilityListener)
    public void addTab(androidx.appcompat.app.ActionBar$Tab)
    public void addTab(androidx.appcompat.app.ActionBar$Tab,int)
    public void addTab(androidx.appcompat.app.ActionBar$Tab,int,boolean)
    public void addTab(androidx.appcompat.app.ActionBar$Tab,boolean)
    private void cleanupTabs()
    private void configureTab(androidx.appcompat.app.ActionBar$Tab,int)
    private void ensureTabsExist()
    public android.view.View getCustomView()
    public float getElevation()
    public int getHeight()
    public int getHideOffset()
    public int getNavigationItemCount()
    public int getSelectedNavigationIndex()
    public androidx.appcompat.app.ActionBar$Tab getSelectedTab()
    public java.lang.CharSequence getSubtitle()
    public androidx.appcompat.app.ActionBar$Tab getTabAt(int)
    public int getTabCount()
    public java.lang.CharSequence getTitle()
    public boolean hasIcon()
    public boolean hasLogo()
    public void hide()
    public boolean isHideOnContentScrollEnabled()
    public boolean isShowing()
androidx.appcompat.content.res.AppCompatResources:
    private static final java.lang.String LOG_TAG
    private void <init>()
androidx.appcompat.graphics.drawable.AnimatedStateListDrawableCompat$AnimatedStateListState:
    private static final long REVERSED_BIT
    private static final long REVERSIBLE_FLAG_BIT
androidx.appcompat.graphics.drawable.AnimatedStateListDrawableCompat:
    private static final java.lang.String ELEMENT_ITEM
    private static final java.lang.String ELEMENT_TRANSITION
    private static final java.lang.String ITEM_MISSING_DRAWABLE_ERROR
    private static final java.lang.String TRANSITION_MISSING_DRAWABLE_ERROR
    private static final java.lang.String TRANSITION_MISSING_FROM_TO_ID
    public synthetic bridge void addState(int[],android.graphics.drawable.Drawable)
    public void addState(int[],android.graphics.drawable.Drawable,int)
    public void addTransition(int,int,android.graphics.drawable.Drawable,boolean)
    void clearMutated()
    public static androidx.appcompat.graphics.drawable.AnimatedStateListDrawableCompat create(android.content.Context,int,android.content.res.Resources$Theme)
    public synthetic bridge void setEnterFadeDuration(int)
    public synthetic bridge void setExitFadeDuration(int)
androidx.appcompat.graphics.drawable.DrawableContainer$DrawableContainerState:
    final void clearMutated()
    public final int getEnterFadeDuration()
    public final int getExitFadeDuration()
    public final boolean isStateful()
androidx.appcompat.graphics.drawable.DrawableContainer:
    private static final boolean DEBUG
    private static final boolean DEFAULT_DITHER
    private static final java.lang.String TAG
    void clearMutated()
    public boolean isStateful()
    void setCurrentIndex(int)
    public void setEnterFadeDuration(int)
    public void setExitFadeDuration(int)
androidx.appcompat.graphics.drawable.DrawerArrowDrawable$ArrowDirection
androidx.appcompat.graphics.drawable.DrawerArrowDrawable